{
  "stats": {
    "suites": 6,
    "tests": 6,
    "passes": 6,
    "pending": 0,
    "failures": 0,
    "start": "2018-02-06T09:08:15.858Z",
    "end": "2018-02-06T09:08:16.804Z",
    "duration": 946,
    "testsRegistered": 6,
    "passPercent": 100,
    "pendingPercent": 0,
    "other": 0,
    "hasOther": false,
    "skipped": 0,
    "hasSkipped": false,
    "passPercentClass": "success",
    "pendingPercentClass": "danger"
  },
  "suites": {
    "uuid": "b4af93c9-9d2c-438c-aaea-ee535f05f6e5",
    "title": "",
    "fullFile": "",
    "file": "",
    "beforeHooks": [],
    "afterHooks": [],
    "tests": [],
    "suites": [
      {
        "uuid": "abc874bc-341a-47e6-b5a5-d2a1f31b6b11",
        "title": "Client Request Objects",
        "fullFile": "/home/ubuntu/workspace/test/crud_clientRequest.js",
        "file": "/test/crud_clientRequest.js",
        "beforeHooks": [
          {
            "title": "\"before all\" hook",
            "fullTitle": "Client Request Objects \"before all\" hook",
            "timedOut": false,
            "duration": 651,
            "pass": false,
            "fail": false,
            "pending": false,
            "code": "mongoose.connect(\n    \"mongodb://test:test@ds123658.mlab.com:23658/projet-test\"\n);\nmongoose.connection.once('open', function() {\n    done();\n})\n.on('error', function(error) {\n    console.warn('Error', error);\n});",
            "err": {},
            "isRoot": false,
            "uuid": "9be74645-ea3c-4557-998a-e7a74976e7dc",
            "isHook": true,
            "skipped": false
          }
        ],
        "afterHooks": [],
        "tests": [
          {
            "title": "can create a new object",
            "fullTitle": "Client Request Objects can create a new object",
            "timedOut": false,
            "duration": 129,
            "state": "passed",
            "speed": "slow",
            "pass": true,
            "fail": false,
            "pending": false,
            "code": "var clientRequestX = new clientRequest({\n    isTest: true\n});\n\nclientRequestX.save(function(err, result){\n    if(err) throw err;\n    done();\n});",
            "err": {},
            "isRoot": false,
            "uuid": "3161cddd-ed45-410c-a719-c62eb79601c1",
            "isHook": false,
            "skipped": false
          }
        ],
        "suites": [],
        "passes": [
          "3161cddd-ed45-410c-a719-c62eb79601c1"
        ],
        "failures": [],
        "pending": [],
        "skipped": [],
        "duration": 129,
        "root": false,
        "rootEmpty": false,
        "_timeout": 5000
      },
      {
        "uuid": "35f0d41a-dade-4a92-9488-f52bcc5b34ff",
        "title": "Pages",
        "fullFile": "/home/ubuntu/workspace/test/index.js",
        "file": "/test/index.js",
        "beforeHooks": [],
        "afterHooks": [],
        "tests": [],
        "suites": [
          {
            "uuid": "7d6fd018-c454-4efd-a0fb-65220aa6ba34",
            "title": "/GET index",
            "fullFile": "/home/ubuntu/workspace/test/index.js",
            "file": "/test/index.js",
            "beforeHooks": [],
            "afterHooks": [],
            "tests": [
              {
                "title": "it should GET status code 200",
                "fullTitle": "Pages /GET index it should GET status code 200",
                "timedOut": false,
                "duration": 149,
                "state": "passed",
                "speed": "slow",
                "pass": true,
                "fail": false,
                "pending": false,
                "code": "chai.request(server)\n    .get('/')\n    .end((err, res) => {\n        if (err) throw err;\n        res.should.have.status(200);\n      done();\n    });",
                "err": {},
                "isRoot": false,
                "uuid": "3adcd835-96d4-450d-8180-d5dd987f832e",
                "isHook": false,
                "skipped": false
              }
            ],
            "suites": [],
            "passes": [
              "3adcd835-96d4-450d-8180-d5dd987f832e"
            ],
            "failures": [],
            "pending": [],
            "skipped": [],
            "duration": 149,
            "root": false,
            "rootEmpty": false,
            "_timeout": 5000
          }
        ],
        "passes": [],
        "failures": [],
        "pending": [],
        "skipped": [],
        "duration": 0,
        "root": false,
        "rootEmpty": false,
        "_timeout": 5000
      },
      {
        "uuid": "e911b1d3-e195-4dfc-a2c8-7f5783c5fde7",
        "title": "My feature",
        "fullFile": "/home/ubuntu/workspace/test/sample.js",
        "file": "/test/sample.js",
        "beforeHooks": [],
        "afterHooks": [],
        "tests": [],
        "suites": [
          {
            "uuid": "3d9842d2-d8e8-4aa4-b66e-4f11e7b37b79",
            "title": "subfeature 1",
            "fullFile": "/home/ubuntu/workspace/test/sample.js",
            "file": "/test/sample.js",
            "beforeHooks": [],
            "afterHooks": [],
            "tests": [
              {
                "title": "does one thing",
                "fullTitle": "My feature subfeature 1 does one thing",
                "timedOut": false,
                "duration": 0,
                "state": "passed",
                "speed": "fast",
                "pass": true,
                "fail": false,
                "pending": false,
                "code": "",
                "err": {},
                "isRoot": false,
                "uuid": "6b555ae5-7d73-4afc-9aee-af52673b75b3",
                "isHook": false,
                "skipped": false
              },
              {
                "title": "does another thing",
                "fullTitle": "My feature subfeature 1 does another thing",
                "timedOut": false,
                "duration": 0,
                "state": "passed",
                "speed": "fast",
                "pass": true,
                "fail": false,
                "pending": false,
                "code": "",
                "err": {},
                "isRoot": false,
                "uuid": "1a4b8faf-9a73-4ea1-9ad2-4284bc4f10ae",
                "isHook": false,
                "skipped": false
              }
            ],
            "suites": [],
            "passes": [
              "6b555ae5-7d73-4afc-9aee-af52673b75b3",
              "1a4b8faf-9a73-4ea1-9ad2-4284bc4f10ae"
            ],
            "failures": [],
            "pending": [],
            "skipped": [],
            "duration": 0,
            "root": false,
            "rootEmpty": false,
            "_timeout": 5000
          },
          {
            "uuid": "d6dbcbad-48de-4b04-a171-d33eff343f3a",
            "title": "subfeature 2",
            "fullFile": "/home/ubuntu/workspace/test/sample.js",
            "file": "/test/sample.js",
            "beforeHooks": [],
            "afterHooks": [],
            "tests": [
              {
                "title": "does one thing",
                "fullTitle": "My feature subfeature 2 does one thing",
                "timedOut": false,
                "duration": 0,
                "state": "passed",
                "speed": "fast",
                "pass": true,
                "fail": false,
                "pending": false,
                "code": "",
                "err": {},
                "isRoot": false,
                "uuid": "e64d0028-3988-4626-9660-5f901b278d08",
                "isHook": false,
                "skipped": false
              },
              {
                "title": "does another thing",
                "fullTitle": "My feature subfeature 2 does another thing",
                "timedOut": false,
                "duration": 0,
                "state": "passed",
                "speed": "fast",
                "pass": true,
                "fail": false,
                "pending": false,
                "code": "",
                "err": {},
                "isRoot": false,
                "uuid": "94fc80ed-67c4-40c7-be4a-f1a8fd25d3d0",
                "isHook": false,
                "skipped": false
              }
            ],
            "suites": [],
            "passes": [
              "e64d0028-3988-4626-9660-5f901b278d08",
              "94fc80ed-67c4-40c7-be4a-f1a8fd25d3d0"
            ],
            "failures": [],
            "pending": [],
            "skipped": [],
            "duration": 0,
            "root": false,
            "rootEmpty": false,
            "_timeout": 5000
          }
        ],
        "passes": [],
        "failures": [],
        "pending": [],
        "skipped": [],
        "duration": 0,
        "root": false,
        "rootEmpty": false,
        "_timeout": 5000
      }
    ],
    "passes": [],
    "failures": [],
    "pending": [],
    "skipped": [],
    "duration": 0,
    "root": true,
    "rootEmpty": true,
    "_timeout": 5000
  },
  "copyrightYear": 2018
}