{
  "stats": {
    "suites": 7,
    "tests": 12,
    "passes": 12,
    "pending": 0,
    "failures": 0,
    "start": "2018-02-08T17:25:21.156Z",
    "end": "2018-02-08T17:25:27.017Z",
    "duration": 5861,
    "testsRegistered": 12,
    "passPercent": 100,
    "pendingPercent": 0,
    "other": 0,
    "hasOther": false,
    "skipped": 0,
    "hasSkipped": false,
    "passPercentClass": "success",
    "pendingPercentClass": "danger"
  },
  "suites": {
    "uuid": "3e8556bb-7079-4b2e-84d9-050aea9ad87d",
    "title": "",
    "fullFile": "",
    "file": "",
    "beforeHooks": [],
    "afterHooks": [],
    "tests": [],
    "suites": [
      {
        "uuid": "63630fa9-956e-4ca4-91b2-9df4da283e9c",
        "title": "Client Request Objects",
        "fullFile": "/home/ubuntu/workspace/test/crud_clientRequest.js",
        "file": "/test/crud_clientRequest.js",
        "beforeHooks": [
          {
            "title": "\"before all\" hook",
            "fullTitle": "Client Request Objects \"before all\" hook",
            "timedOut": false,
            "duration": 604,
            "pass": false,
            "fail": false,
            "pending": false,
            "code": "mongoose.connect(\n    \"mongodb://test:test@ds123658.mlab.com:23658/projet-test\"\n);\nmongoose.connection.once('open', () => {\n    done();\n})\n.on('error', (error) => {\n    console.warn('Error', error);\n});",
            "err": {},
            "isRoot": false,
            "uuid": "5c82f24f-206d-4ae2-8f17-8211e656ccb2",
            "isHook": true,
            "skipped": false
          }
        ],
        "afterHooks": [],
        "tests": [
          {
            "title": "can create a new object",
            "fullTitle": "Client Request Objects can create a new object",
            "timedOut": false,
            "duration": 138,
            "state": "passed",
            "speed": "slow",
            "pass": true,
            "fail": false,
            "pending": false,
            "code": "var clientRequestX = new clientRequest({\n    isTest: true\n});\n\nclientRequestX.save((err, result) => {\n    if(err) throw err;\n    done();\n});",
            "err": {},
            "isRoot": false,
            "uuid": "ac1b0133-8a83-4ab4-b00d-cc6e2aada547",
            "isHook": false,
            "skipped": false
          },
          {
            "title": "can list existing objects",
            "fullTitle": "Client Request Objects can list existing objects",
            "timedOut": false,
            "duration": 0,
            "state": "passed",
            "speed": "fast",
            "pass": true,
            "fail": false,
            "pending": false,
            "code": "done();",
            "err": {},
            "isRoot": false,
            "uuid": "77fa53a0-8ef9-41f8-bdea-adcc2c7e5428",
            "isHook": false,
            "skipped": false
          },
          {
            "title": "can update an object",
            "fullTitle": "Client Request Objects can update an object",
            "timedOut": false,
            "duration": 0,
            "state": "passed",
            "speed": "fast",
            "pass": true,
            "fail": false,
            "pending": false,
            "code": "done();",
            "err": {},
            "isRoot": false,
            "uuid": "0656cfbd-2682-4e27-93e8-2285ac229862",
            "isHook": false,
            "skipped": false
          },
          {
            "title": "can delete objects",
            "fullTitle": "Client Request Objects can delete objects",
            "timedOut": false,
            "duration": 0,
            "state": "passed",
            "speed": "fast",
            "pass": true,
            "fail": false,
            "pending": false,
            "code": "done();",
            "err": {},
            "isRoot": false,
            "uuid": "d7106869-9608-4d7a-a969-5b654ebd05bc",
            "isHook": false,
            "skipped": false
          }
        ],
        "suites": [],
        "passes": [
          "ac1b0133-8a83-4ab4-b00d-cc6e2aada547",
          "77fa53a0-8ef9-41f8-bdea-adcc2c7e5428",
          "0656cfbd-2682-4e27-93e8-2285ac229862",
          "d7106869-9608-4d7a-a969-5b654ebd05bc"
        ],
        "failures": [],
        "pending": [],
        "skipped": [],
        "duration": 138,
        "root": false,
        "rootEmpty": false,
        "_timeout": 5000
      },
      {
        "uuid": "7b4601bd-92dd-49ab-a8ca-97ba13955de4",
        "title": "Code Push Objects",
        "fullFile": "/home/ubuntu/workspace/test/crud_codePush.js",
        "file": "/test/crud_codePush.js",
        "beforeHooks": [
          {
            "title": "\"before all\" hook",
            "fullTitle": "Code Push Objects \"before all\" hook",
            "timedOut": false,
            "duration": 542,
            "pass": false,
            "fail": false,
            "pending": false,
            "code": "mongoose.connect(\n    \"mongodb://test:test@ds123658.mlab.com:23658/projet-test\"\n);\nmongoose.connection.once('open', () => {\n    done();\n})\n.on('error', (error) => {\n    console.warn('Error', error);\n});",
            "err": {},
            "isRoot": false,
            "uuid": "7e67b2dc-e06b-4e7d-bdb2-6c5722923cf1",
            "isHook": true,
            "skipped": false
          }
        ],
        "afterHooks": [],
        "tests": [
          {
            "title": "can create a new object",
            "fullTitle": "Code Push Objects can create a new object",
            "timedOut": false,
            "duration": 113,
            "state": "passed",
            "speed": "slow",
            "pass": true,
            "fail": false,
            "pending": false,
            "code": "var codePushX = new codePush({\n    isTest: true\n});\n\ncodePushX.save((err, result) => {\n    if(err) throw err;\n    done();\n});",
            "err": {},
            "isRoot": false,
            "uuid": "335daf7b-ca50-4d42-bd7d-3ba908d5002f",
            "isHook": false,
            "skipped": false
          },
          {
            "title": "can list existing objects",
            "fullTitle": "Code Push Objects can list existing objects",
            "timedOut": false,
            "duration": 0,
            "state": "passed",
            "speed": "fast",
            "pass": true,
            "fail": false,
            "pending": false,
            "code": "done();",
            "err": {},
            "isRoot": false,
            "uuid": "50b41b06-5027-42c4-9aa7-0ca83441b832",
            "isHook": false,
            "skipped": false
          },
          {
            "title": "can update an object",
            "fullTitle": "Code Push Objects can update an object",
            "timedOut": false,
            "duration": 1,
            "state": "passed",
            "speed": "fast",
            "pass": true,
            "fail": false,
            "pending": false,
            "code": "done();",
            "err": {},
            "isRoot": false,
            "uuid": "c10d20bc-d966-4923-bbfd-053c85837121",
            "isHook": false,
            "skipped": false
          },
          {
            "title": "can delete objects",
            "fullTitle": "Code Push Objects can delete objects",
            "timedOut": false,
            "duration": 0,
            "state": "passed",
            "speed": "fast",
            "pass": true,
            "fail": false,
            "pending": false,
            "code": "done();",
            "err": {},
            "isRoot": false,
            "uuid": "49e3d667-99bb-4d69-abae-c57145e9c934",
            "isHook": false,
            "skipped": false
          }
        ],
        "suites": [],
        "passes": [
          "335daf7b-ca50-4d42-bd7d-3ba908d5002f",
          "50b41b06-5027-42c4-9aa7-0ca83441b832",
          "c10d20bc-d966-4923-bbfd-053c85837121",
          "49e3d667-99bb-4d69-abae-c57145e9c934"
        ],
        "failures": [],
        "pending": [],
        "skipped": [],
        "duration": 114,
        "root": false,
        "rootEmpty": false,
        "_timeout": 5000
      },
      {
        "uuid": "44acca5c-6817-4878-b51a-48ee8819330c",
        "title": "Pages",
        "fullFile": "/home/ubuntu/workspace/test/pages_availability.js",
        "file": "/test/pages_availability.js",
        "beforeHooks": [],
        "afterHooks": [],
        "tests": [],
        "suites": [
          {
            "uuid": "57798786-f45d-4a00-b6a9-4a79ad24be4e",
            "title": "/GET index",
            "fullFile": "/home/ubuntu/workspace/test/pages_availability.js",
            "file": "/test/pages_availability.js",
            "beforeHooks": [],
            "afterHooks": [],
            "tests": [
              {
                "title": "it should GET status code 200",
                "fullTitle": "Pages /GET index it should GET status code 200",
                "timedOut": false,
                "duration": 185,
                "state": "passed",
                "speed": "slow",
                "pass": true,
                "fail": false,
                "pending": false,
                "code": "chai.request(server)\n    .get('/')\n    .end((err, res) => {\n        if (err) throw err;\n        res.should.have.status(200);\n      done();\n    });",
                "err": {},
                "isRoot": false,
                "uuid": "16916c6d-a065-40f9-a9c6-c0f2d88ed23f",
                "isHook": false,
                "skipped": false
              }
            ],
            "suites": [],
            "passes": [
              "16916c6d-a065-40f9-a9c6-c0f2d88ed23f"
            ],
            "failures": [],
            "pending": [],
            "skipped": [],
            "duration": 185,
            "root": false,
            "rootEmpty": false,
            "_timeout": 5000
          },
          {
            "uuid": "c228d8c0-7a98-412e-b3bd-4ab1c149add9",
            "title": "/GET requests",
            "fullFile": "/home/ubuntu/workspace/test/pages_availability.js",
            "file": "/test/pages_availability.js",
            "beforeHooks": [],
            "afterHooks": [],
            "tests": [
              {
                "title": "it should GET status code 200",
                "fullTitle": "Pages /GET requests it should GET status code 200",
                "timedOut": false,
                "duration": 1524,
                "state": "passed",
                "speed": "slow",
                "pass": true,
                "fail": false,
                "pending": false,
                "code": "chai.request(server)\n    .get('/requests')\n    .end((err, res) => {\n        if (err) throw err;\n        res.should.have.status(200);\n      done();\n    });",
                "err": {},
                "isRoot": false,
                "uuid": "d2d6c990-2371-4da0-8cac-cd6ff24192a1",
                "isHook": false,
                "skipped": false
              }
            ],
            "suites": [],
            "passes": [
              "d2d6c990-2371-4da0-8cac-cd6ff24192a1"
            ],
            "failures": [],
            "pending": [],
            "skipped": [],
            "duration": 1524,
            "root": false,
            "rootEmpty": false,
            "_timeout": 5000
          },
          {
            "uuid": "a1a4bc8f-5408-4541-bf52-3d2babdeebad",
            "title": "/GET pushs",
            "fullFile": "/home/ubuntu/workspace/test/pages_availability.js",
            "file": "/test/pages_availability.js",
            "beforeHooks": [],
            "afterHooks": [],
            "tests": [
              {
                "title": "it should GET status code 200",
                "fullTitle": "Pages /GET pushs it should GET status code 200",
                "timedOut": false,
                "duration": 984,
                "state": "passed",
                "speed": "slow",
                "pass": true,
                "fail": false,
                "pending": false,
                "code": "chai.request(server)\n    .get('/pushs')\n    .end((err, res) => {\n        if (err) throw err;\n        res.should.have.status(200);\n      done();\n    });",
                "err": {},
                "isRoot": false,
                "uuid": "eecd76d3-f28f-4eb3-9e8a-033996b9ce38",
                "isHook": false,
                "skipped": false
              }
            ],
            "suites": [],
            "passes": [
              "eecd76d3-f28f-4eb3-9e8a-033996b9ce38"
            ],
            "failures": [],
            "pending": [],
            "skipped": [],
            "duration": 984,
            "root": false,
            "rootEmpty": false,
            "_timeout": 5000
          },
          {
            "uuid": "973d2d65-bad1-4254-8ed9-29a4e64ca331",
            "title": "/GET deployments",
            "fullFile": "/home/ubuntu/workspace/test/pages_availability.js",
            "file": "/test/pages_availability.js",
            "beforeHooks": [],
            "afterHooks": [],
            "tests": [
              {
                "title": "it should GET status code 200",
                "fullTitle": "Pages /GET deployments it should GET status code 200",
                "timedOut": false,
                "duration": 1734,
                "state": "passed",
                "speed": "slow",
                "pass": true,
                "fail": false,
                "pending": false,
                "code": "chai.request(server)\n    .get('/deployments')\n    .end((err, res) => {\n        if (err) throw err;\n        res.should.have.status(200);\n      done();\n    });",
                "err": {},
                "isRoot": false,
                "uuid": "f86c397a-546d-4bd7-88dc-5439f9a549e1",
                "isHook": false,
                "skipped": false
              }
            ],
            "suites": [],
            "passes": [
              "f86c397a-546d-4bd7-88dc-5439f9a549e1"
            ],
            "failures": [],
            "pending": [],
            "skipped": [],
            "duration": 1734,
            "root": false,
            "rootEmpty": false,
            "_timeout": 5000
          }
        ],
        "passes": [],
        "failures": [],
        "pending": [],
        "skipped": [],
        "duration": 0,
        "root": false,
        "rootEmpty": false,
        "_timeout": 5000
      }
    ],
    "passes": [],
    "failures": [],
    "pending": [],
    "skipped": [],
    "duration": 0,
    "root": true,
    "rootEmpty": true,
    "_timeout": 5000
  },
  "copyrightYear": 2018
}