{
  "stats": {
    "suites": 3,
    "tests": 4,
    "passes": 4,
    "pending": 0,
    "failures": 0,
    "start": "2018-02-03T06:49:20.056Z",
    "end": "2018-02-03T06:49:20.068Z",
    "duration": 12,
    "testsRegistered": 4,
    "passPercent": 100,
    "pendingPercent": 0,
    "other": 0,
    "hasOther": false,
    "skipped": 0,
    "hasSkipped": false,
    "passPercentClass": "success",
    "pendingPercentClass": "danger"
  },
  "suites": {
    "uuid": "ab7eff44-d313-40e7-a555-a2a216db46e8",
    "title": "",
    "fullFile": "",
    "file": "",
    "beforeHooks": [],
    "afterHooks": [],
    "tests": [],
    "suites": [
      {
        "uuid": "acef8470-a5a2-4481-ac55-aad4650b913d",
        "title": "My feature",
        "fullFile": "/home/ubuntu/workspace/test.js",
        "file": "/test.js",
        "beforeHooks": [],
        "afterHooks": [],
        "tests": [],
        "suites": [
          {
            "uuid": "efcd536e-4d36-4da6-b476-41724e9fb6b9",
            "title": "subfeature 1",
            "fullFile": "/home/ubuntu/workspace/test.js",
            "file": "/test.js",
            "beforeHooks": [],
            "afterHooks": [],
            "tests": [
              {
                "title": "does one thing",
                "fullTitle": "My feature subfeature 1 does one thing",
                "timedOut": false,
                "duration": 0,
                "state": "passed",
                "speed": "fast",
                "pass": true,
                "fail": false,
                "pending": false,
                "code": "",
                "err": {},
                "isRoot": false,
                "uuid": "a1dd6661-4b94-4036-9ab6-c6b652afc46b",
                "isHook": false,
                "skipped": false
              },
              {
                "title": "does another thing",
                "fullTitle": "My feature subfeature 1 does another thing",
                "timedOut": false,
                "duration": 0,
                "state": "passed",
                "speed": "fast",
                "pass": true,
                "fail": false,
                "pending": false,
                "code": "",
                "err": {},
                "isRoot": false,
                "uuid": "d8f7cef8-7c97-4093-977d-ab08a3bbdf95",
                "isHook": false,
                "skipped": false
              }
            ],
            "suites": [],
            "passes": [
              "a1dd6661-4b94-4036-9ab6-c6b652afc46b",
              "d8f7cef8-7c97-4093-977d-ab08a3bbdf95"
            ],
            "failures": [],
            "pending": [],
            "skipped": [],
            "duration": 0,
            "root": false,
            "rootEmpty": false,
            "_timeout": 2000
          },
          {
            "uuid": "afd7719b-9576-4e5f-9d56-1fe88a606817",
            "title": "subfeature 2",
            "fullFile": "/home/ubuntu/workspace/test.js",
            "file": "/test.js",
            "beforeHooks": [],
            "afterHooks": [],
            "tests": [
              {
                "title": "does one thing",
                "fullTitle": "My feature subfeature 2 does one thing",
                "timedOut": false,
                "duration": 0,
                "state": "passed",
                "speed": "fast",
                "pass": true,
                "fail": false,
                "pending": false,
                "code": "",
                "err": {},
                "isRoot": false,
                "uuid": "1901c138-2545-4c4c-823c-57a64602eac7",
                "isHook": false,
                "skipped": false
              },
              {
                "title": "does another thing",
                "fullTitle": "My feature subfeature 2 does another thing",
                "timedOut": false,
                "duration": 0,
                "state": "passed",
                "speed": "fast",
                "pass": true,
                "fail": false,
                "pending": false,
                "code": "",
                "err": {},
                "isRoot": false,
                "uuid": "1371b257-66a7-4bad-a236-2195d2de85ed",
                "isHook": false,
                "skipped": false
              }
            ],
            "suites": [],
            "passes": [
              "1901c138-2545-4c4c-823c-57a64602eac7",
              "1371b257-66a7-4bad-a236-2195d2de85ed"
            ],
            "failures": [],
            "pending": [],
            "skipped": [],
            "duration": 0,
            "root": false,
            "rootEmpty": false,
            "_timeout": 2000
          }
        ],
        "passes": [],
        "failures": [],
        "pending": [],
        "skipped": [],
        "duration": 0,
        "root": false,
        "rootEmpty": false,
        "_timeout": 2000
      }
    ],
    "passes": [],
    "failures": [],
    "pending": [],
    "skipped": [],
    "duration": 0,
    "root": true,
    "rootEmpty": true,
    "_timeout": 2000
  },
  "copyrightYear": 2018
}